[debug] [2024-03-17T00:17:43.092Z] ----------------------------------------------------------------------
[debug] [2024-03-17T00:17:43.094Z] Command:       C:\Program Files\nodejs\node.exe C:\Users\user\AppData\Roaming\npm\node_modules\firebase-tools\lib\bin\firebase.js init
[debug] [2024-03-17T00:17:43.095Z] CLI Version:   13.5.1
[debug] [2024-03-17T00:17:43.095Z] Platform:      win32
[debug] [2024-03-17T00:17:43.095Z] Node Version:  v20.10.0
[debug] [2024-03-17T00:17:43.095Z] Time:          Sun Mar 17 2024 07:17:43 GMT+0700 (เวลาอินโดจีน)
[debug] [2024-03-17T00:17:43.095Z] ----------------------------------------------------------------------
[debug] 
[debug] [2024-03-17T00:17:43.175Z] > command requires scopes: ["email","openid","https://www.googleapis.com/auth/cloudplatformprojects.readonly","https://www.googleapis.com/auth/firebase","https://www.googleapis.com/auth/cloud-platform"]
[debug] [2024-03-17T00:17:43.176Z] > authorizing via signed-in user (65011212169@msu.ac.th)
[info] 
     ######## #### ########  ######## ########     ###     ######  ########
     ##        ##  ##     ## ##       ##     ##  ##   ##  ##       ##
     ######    ##  ########  ######   ########  #########  ######  ######
     ##        ##  ##    ##  ##       ##     ## ##     ##       ## ##
     ##       #### ##     ## ######## ########  ##     ##  ######  ########

You're about to initialize a Firebase project in this directory:

  C:\Users\user\OneDrive\Documents\GitHub\Gameless

Before we get started, keep in mind:

  * You are initializing within an existing Firebase project directory

